12-29,19:57 ― INFO ― 理之冠: {'ar': 46.65}
12-29,19:57 ― INFO ― 时之沙: {'ar': 46.65}
12-29,19:57 ― INFO ― 空之杯: {'ar': 46.65}
12-29,19:57 ― INFO ― 副词条: {'cr': 25.0, 'cd': 40.0, 'ar': 20, 'sa': 0, 'ed': 15, 'fd': 0, 'dr': 0, 'em': 0}
12-29,19:57 ― INFO ― 生命面板: [13226.       0.    4780.07]
12-29,19:57 ― INFO ― 防御面板: [876.   0.   0.]
12-29,19:57 ― INFO ― 攻击面板: [761.   159.95 311.  ]
12-29,19:57 ― INFO ― 暴击: 30.00  爆伤: 90.00
12-29,19:57 ― INFO ― 属性伤害: 43.80  物理增伤: 0.00
12-29,19:57 ― INFO ― 元素精通: 0.0  元素充能: 45.9
12-29,19:57 ― INFO ― round = {'a': 0, 'e': 3, 'q': 1}
12-29,19:57 ― INFO ― formula = ['a1', 'e1+2*e2', '0.1*q1']
12-29,19:57 ― INFO ― effect = {'a': {}, 'e': {'d': 32}, 'q': {'cr': 12}}
12-29,19:57 ― INFO ― 特殊 {}
12-29,19:57 ― INFO ― 附伤 {}
12-29,19:57 ― INFO ― 技能第一乘区切换 {'e2': 'def'}
12-29,19:57 ― DEBUG ― --------处理 a a1-------
12-29,19:57 ― DEBUG ― buff加载后 area1 = 2289.22,area2 = 1.27
12-29,19:57 ― DEBUG ― --------处理 ('a1', '1')-------
12-29,19:57 ― DEBUG ― area1 = 2289.22,area2 = 1.27,area3 = 1.44,ratio = 0.68,multiple = 1.00,攻击类型:phys,附魔比例 0
12-29,19:57 ― DEBUG ― area1 = 2289.22,area2 = 1.27,area3 = 1.00,ratio = 0.68,multiple = 1.00,攻击类型:phys,不附魔比列 1
12-29,19:57 ― DEBUG ― total damage for a is 元素: 0, 物理: 1962
12-29,19:57 ― DEBUG ― --------处理 e e1+2*e2-------
12-29,19:57 ― DEBUG ― buff加载后 area1 = 2289.22,area2 = 1.27
12-29,19:57 ― DEBUG ― --------处理 ('e1', '1')-------
12-29,19:57 ― DEBUG ― area1 = 2289.22,area2 = 1.27,area3 = 1.76,ratio = 2.22,multiple = 1.00,攻击类型:elem
12-29,19:57 ― DEBUG ― --------处理 ('e2', '2')-------
12-29,19:57 ― INFO ― 切换基础乘区 攻击为防御 area1 = 876.00
12-29,19:57 ― DEBUG ― area1 = 876.00,area2 = 1.27,area3 = 1.76,ratio = 2.27,multiple = 2.00,攻击类型:elem
12-29,19:57 ― DEBUG ― total damage for e is 元素: 20214, 物理: 0
12-29,19:57 ― DEBUG ― --------处理 q 0.1*q1-------
12-29,19:57 ― DEBUG ― buff加载后 area1 = 2289.22,area2 = 1.38
12-29,19:57 ― DEBUG ― --------处理 ('q1', '0.1')-------
12-29,19:57 ― DEBUG ― area1 = 2289.22,area2 = 1.38,area3 = 1.44,ratio = 6.24,multiple = 0.10,攻击类型:elem
12-29,19:57 ― DEBUG ― total damage for q is 元素: 2831, 物理: 0
12-29,19:57 ― INFO ― damage = 63474
12-29,19:57 ― INFO ― ###############################################
12-29,19:57 ― INFO ― 理之冠: {'ar': 46.65}
12-29,19:57 ― INFO ― 时之沙: {'ar': 46.65}
12-29,19:57 ― INFO ― 空之杯: {'ed': 46.65}
12-29,19:57 ― INFO ― 副词条: {'cr': 25.0, 'cd': 40.0, 'ar': 20, 'sa': 0, 'ed': 15, 'fd': 0, 'dr': 0, 'em': 0}
12-29,19:57 ― INFO ― 生命面板: [13226.       0.    4780.07]
12-29,19:57 ― INFO ― 防御面板: [876.   0.   0.]
12-29,19:57 ― INFO ― 攻击面板: [761.  113.3 311. ]
12-29,19:57 ― INFO ― 暴击: 30.00  爆伤: 90.00
12-29,19:57 ― INFO ― 属性伤害: 90.45  物理增伤: 0.00
12-29,19:57 ― INFO ― 元素精通: 0.0  元素充能: 45.9
12-29,19:57 ― INFO ― round = {'a': 0, 'e': 3, 'q': 1}
12-29,19:57 ― INFO ― formula = ['a1', 'e1+2*e2', '0.1*q1']
12-29,19:57 ― INFO ― effect = {'a': {}, 'e': {'d': 32}, 'q': {'cr': 12}}
12-29,19:57 ― INFO ― 特殊 {}
12-29,19:57 ― INFO ― 附伤 {}
12-29,19:57 ― INFO ― 技能第一乘区切换 {'e2': 'def'}
12-29,19:57 ― DEBUG ― --------处理 a a1-------
12-29,19:57 ― DEBUG ― buff加载后 area1 = 1934.21,area2 = 1.27
12-29,19:57 ― DEBUG ― --------处理 ('a1', '1')-------
12-29,19:57 ― DEBUG ― area1 = 1934.21,area2 = 1.27,area3 = 1.90,ratio = 0.68,multiple = 1.00,攻击类型:phys,附魔比例 0
12-29,19:57 ― DEBUG ― area1 = 1934.21,area2 = 1.27,area3 = 1.00,ratio = 0.68,multiple = 1.00,攻击类型:phys,不附魔比列 1
12-29,19:57 ― DEBUG ― total damage for a is 元素: 0, 物理: 1658
12-29,19:57 ― DEBUG ― --------处理 e e1+2*e2-------
12-29,19:57 ― DEBUG ― buff加载后 area1 = 1934.21,area2 = 1.27
12-29,19:57 ― DEBUG ― --------处理 ('e1', '1')-------
12-29,19:57 ― DEBUG ― area1 = 1934.21,area2 = 1.27,area3 = 2.22,ratio = 2.22,multiple = 1.00,攻击类型:elem
12-29,19:57 ― DEBUG ― --------处理 ('e2', '2')-------
12-29,19:57 ― INFO ― 切换基础乘区 攻击为防御 area1 = 876.00
12-29,19:57 ― DEBUG ― area1 = 876.00,area2 = 1.27,area3 = 2.22,ratio = 2.27,multiple = 2.00,攻击类型:elem
12-29,19:57 ― DEBUG ― total damage for e is 元素: 23354, 物理: 0
12-29,19:57 ― DEBUG ― --------处理 q 0.1*q1-------
12-29,19:57 ― DEBUG ― buff加载后 area1 = 1934.21,area2 = 1.38
12-29,19:57 ― DEBUG ― --------处理 ('q1', '0.1')-------
12-29,19:57 ― DEBUG ― area1 = 1934.21,area2 = 1.38,area3 = 1.90,ratio = 6.24,multiple = 0.10,攻击类型:elem
12-29,19:57 ― DEBUG ― total damage for q is 元素: 3168, 物理: 0
12-29,19:57 ― INFO ― damage = 73233
12-29,19:57 ― INFO ― ###############################################
12-29,19:57 ― INFO ― 理之冠: {'ar': 46.65}
12-29,19:57 ― INFO ― 时之沙: {'ar': 46.65}
12-29,19:57 ― INFO ― 空之杯: {'fd': 58.31}
12-29,19:57 ― INFO ― 副词条: {'cr': 25.0, 'cd': 40.0, 'ar': 20, 'sa': 0, 'ed': 15, 'fd': 0, 'dr': 0, 'em': 0}
12-29,19:57 ― INFO ― 生命面板: [13226.       0.    4780.07]
12-29,19:57 ― INFO ― 防御面板: [876.   0.   0.]
12-29,19:57 ― INFO ― 攻击面板: [761.  113.3 311. ]
12-29,19:57 ― INFO ― 暴击: 30.00  爆伤: 90.00
12-29,19:57 ― INFO ― 属性伤害: 43.80  物理增伤: 58.31
12-29,19:57 ― INFO ― 元素精通: 0.0  元素充能: 45.9
12-29,19:57 ― INFO ― round = {'a': 0, 'e': 3, 'q': 1}
12-29,19:57 ― INFO ― formula = ['a1', 'e1+2*e2', '0.1*q1']
12-29,19:57 ― INFO ― effect = {'a': {}, 'e': {'d': 32}, 'q': {'cr': 12}}
12-29,19:57 ― INFO ― 特殊 {}
12-29,19:57 ― INFO ― 附伤 {}
12-29,19:57 ― INFO ― 技能第一乘区切换 {'e2': 'def'}
12-29,19:57 ― DEBUG ― --------处理 a a1-------
12-29,19:57 ― DEBUG ― buff加载后 area1 = 1934.21,area2 = 1.27
12-29,19:57 ― DEBUG ― --------处理 ('a1', '1')-------
12-29,19:57 ― DEBUG ― area1 = 1934.21,area2 = 1.27,area3 = 1.44,ratio = 0.68,multiple = 1.00,攻击类型:phys,附魔比例 0
12-29,19:57 ― DEBUG ― area1 = 1934.21,area2 = 1.27,area3 = 1.58,ratio = 0.68,multiple = 1.00,攻击类型:phys,不附魔比列 1
12-29,19:57 ― DEBUG ― total damage for a is 元素: 0, 物理: 2624
12-29,19:57 ― DEBUG ― --------处理 e e1+2*e2-------
12-29,19:57 ― DEBUG ― buff加载后 area1 = 1934.21,area2 = 1.27
12-29,19:57 ― DEBUG ― --------处理 ('e1', '1')-------
12-29,19:57 ― DEBUG ― area1 = 1934.21,area2 = 1.27,area3 = 1.76,ratio = 2.22,multiple = 1.00,攻击类型:elem
12-29,19:57 ― DEBUG ― --------处理 ('e2', '2')-------
12-29,19:57 ― INFO ― 切换基础乘区 攻击为防御 area1 = 876.00
12-29,19:57 ― DEBUG ― area1 = 876.00,area2 = 1.27,area3 = 1.76,ratio = 2.27,multiple = 2.00,攻击类型:elem
12-29,19:57 ― DEBUG ― total damage for e is 元素: 18457, 物理: 0
12-29,19:57 ― DEBUG ― --------处理 q 0.1*q1-------
12-29,19:57 ― DEBUG ― buff加载后 area1 = 1934.21,area2 = 1.38
12-29,19:57 ― DEBUG ― --------处理 ('q1', '0.1')-------
12-29,19:57 ― DEBUG ― area1 = 1934.21,area2 = 1.38,area3 = 1.44,ratio = 6.24,multiple = 0.10,攻击类型:elem
12-29,19:57 ― DEBUG ― total damage for q is 元素: 2392, 物理: 0
12-29,19:57 ― INFO ― damage = 57764
12-29,19:57 ― INFO ― ###############################################
12-29,19:57 ― INFO ― 理之冠: {'ar': 46.65}
12-29,19:57 ― INFO ― 时之沙: {'dr': 58.31}
12-29,19:57 ― INFO ― 空之杯: {'ar': 46.65}
12-29,19:57 ― INFO ― 副词条: {'cr': 25.0, 'cd': 40.0, 'ar': 20, 'sa': 0, 'ed': 15, 'fd': 0, 'dr': 0, 'em': 0}
12-29,19:57 ― INFO ― 生命面板: [13226.       0.    4780.07]
12-29,19:57 ― INFO ― 防御面板: [876.    58.31   0.  ]
12-29,19:57 ― INFO ― 攻击面板: [761.  113.3 311. ]
12-29,19:57 ― INFO ― 暴击: 30.00  爆伤: 90.00
12-29,19:57 ― INFO ― 属性伤害: 43.80  物理增伤: 0.00
12-29,19:57 ― INFO ― 元素精通: 0.0  元素充能: 45.9
12-29,19:57 ― INFO ― round = {'a': 0, 'e': 3, 'q': 1}
12-29,19:57 ― INFO ― formula = ['a1', 'e1+2*e2', '0.1*q1']
12-29,19:57 ― INFO ― effect = {'a': {}, 'e': {'d': 32}, 'q': {'cr': 12}}
12-29,19:57 ― INFO ― 特殊 {}
12-29,19:57 ― INFO ― 附伤 {}
12-29,19:57 ― INFO ― 技能第一乘区切换 {'e2': 'def'}
12-29,19:57 ― DEBUG ― --------处理 a a1-------
12-29,19:57 ― DEBUG ― buff加载后 area1 = 1934.21,area2 = 1.27
12-29,19:57 ― DEBUG ― --------处理 ('a1', '1')-------
12-29,19:57 ― DEBUG ― area1 = 1934.21,area2 = 1.27,area3 = 1.44,ratio = 0.68,multiple = 1.00,攻击类型:phys,附魔比例 0
12-29,19:57 ― DEBUG ― area1 = 1934.21,area2 = 1.27,area3 = 1.00,ratio = 0.68,multiple = 1.00,攻击类型:phys,不附魔比列 1
12-29,19:57 ― DEBUG ― total damage for a is 元素: 0, 物理: 1658
12-29,19:57 ― DEBUG ― --------处理 e e1+2*e2-------
12-29,19:57 ― DEBUG ― buff加载后 area1 = 1934.21,area2 = 1.27
12-29,19:57 ― DEBUG ― --------处理 ('e1', '1')-------
12-29,19:57 ― DEBUG ― area1 = 1934.21,area2 = 1.27,area3 = 1.76,ratio = 2.22,multiple = 1.00,攻击类型:elem
12-29,19:57 ― DEBUG ― --------处理 ('e2', '2')-------
12-29,19:57 ― INFO ― 切换基础乘区 攻击为防御 area1 = 1386.80
12-29,19:57 ― DEBUG ― area1 = 1386.80,area2 = 1.27,area3 = 1.76,ratio = 2.27,multiple = 2.00,攻击类型:elem
12-29,19:57 ― DEBUG ― total damage for e is 元素: 23637, 物理: 0
12-29,19:57 ― DEBUG ― --------处理 q 0.1*q1-------
12-29,19:57 ― DEBUG ― buff加载后 area1 = 1934.21,area2 = 1.38
12-29,19:57 ― DEBUG ― --------处理 ('q1', '0.1')-------
12-29,19:57 ― DEBUG ― area1 = 1934.21,area2 = 1.38,area3 = 1.44,ratio = 6.24,multiple = 0.10,攻击类型:elem
12-29,19:57 ― DEBUG ― total damage for q is 元素: 2392, 物理: 0
12-29,19:57 ― INFO ― damage = 73305
12-29,19:57 ― INFO ― ###############################################
12-29,19:57 ― INFO ― 理之冠: {'ar': 46.65}
12-29,19:57 ― INFO ― 时之沙: {'dr': 58.31}
12-29,19:57 ― INFO ― 空之杯: {'ed': 46.65}
12-29,19:57 ― INFO ― 副词条: {'cr': 25.0, 'cd': 40.0, 'ar': 20, 'sa': 0, 'ed': 15, 'fd': 0, 'dr': 0, 'em': 0}
12-29,19:57 ― INFO ― 生命面板: [13226.       0.    4780.07]
12-29,19:57 ― INFO ― 防御面板: [876.    58.31   0.  ]
12-29,19:57 ― INFO ― 攻击面板: [761.    66.65 311.  ]
12-29,19:57 ― INFO ― 暴击: 30.00  爆伤: 90.00
12-29,19:57 ― INFO ― 属性伤害: 90.45  物理增伤: 0.00
12-29,19:57 ― INFO ― 元素精通: 0.0  元素充能: 45.9
12-29,19:57 ― INFO ― round = {'a': 0, 'e': 3, 'q': 1}
12-29,19:57 ― INFO ― formula = ['a1', 'e1+2*e2', '0.1*q1']
12-29,19:57 ― INFO ― effect = {'a': {}, 'e': {'d': 32}, 'q': {'cr': 12}}
12-29,19:57 ― INFO ― 特殊 {}
12-29,19:57 ― INFO ― 附伤 {}
12-29,19:57 ― INFO ― 技能第一乘区切换 {'e2': 'def'}
12-29,19:57 ― DEBUG ― --------处理 a a1-------
12-29,19:57 ― DEBUG ― buff加载后 area1 = 1579.21,area2 = 1.27
12-29,19:57 ― DEBUG ― --------处理 ('a1', '1')-------
12-29,19:57 ― DEBUG ― area1 = 1579.21,area2 = 1.27,area3 = 1.90,ratio = 0.68,multiple = 1.00,攻击类型:phys,附魔比例 0
12-29,19:57 ― DEBUG ― area1 = 1579.21,area2 = 1.27,area3 = 1.00,ratio = 0.68,multiple = 1.00,攻击类型:phys,不附魔比列 1
12-29,19:57 ― DEBUG ― total damage for a is 元素: 0, 物理: 1353
12-29,19:57 ― DEBUG ― --------处理 e e1+2*e2-------
12-29,19:57 ― DEBUG ― buff加载后 area1 = 1579.21,area2 = 1.27
12-29,19:57 ― DEBUG ― --------处理 ('e1', '1')-------
12-29,19:57 ― DEBUG ― area1 = 1579.21,area2 = 1.27,area3 = 2.22,ratio = 2.22,multiple = 1.00,攻击类型:elem
12-29,19:57 ― DEBUG ― --------处理 ('e2', '2')-------
12-29,19:57 ― INFO ― 切换基础乘区 攻击为防御 area1 = 1386.80
12-29,19:57 ― DEBUG ― area1 = 1386.80,area2 = 1.27,area3 = 2.22,ratio = 2.27,multiple = 2.00,攻击类型:elem
12-29,19:57 ― DEBUG ― total damage for e is 元素: 27686, 物理: 0
12-29,19:57 ― DEBUG ― --------处理 q 0.1*q1-------
12-29,19:57 ― DEBUG ― buff加载后 area1 = 1579.21,area2 = 1.38
12-29,19:57 ― DEBUG ― --------处理 ('q1', '0.1')-------
12-29,19:57 ― DEBUG ― area1 = 1579.21,area2 = 1.38,area3 = 1.90,ratio = 6.24,multiple = 0.10,攻击类型:elem
12-29,19:57 ― DEBUG ― total damage for q is 元素: 2587, 物理: 0
12-29,19:57 ― INFO ― damage = 85646
12-29,19:57 ― INFO ― ###############################################
12-29,19:57 ― INFO ― 理之冠: {'ar': 46.65}
12-29,19:57 ― INFO ― 时之沙: {'dr': 58.31}
12-29,19:57 ― INFO ― 空之杯: {'fd': 58.31}
12-29,19:57 ― INFO ― 副词条: {'cr': 25.0, 'cd': 40.0, 'ar': 20, 'sa': 0, 'ed': 15, 'fd': 0, 'dr': 0, 'em': 0}
12-29,19:57 ― INFO ― 生命面板: [13226.       0.    4780.07]
12-29,19:57 ― INFO ― 防御面板: [876.    58.31   0.  ]
12-29,19:57 ― INFO ― 攻击面板: [761.    66.65 311.  ]
12-29,19:57 ― INFO ― 暴击: 30.00  爆伤: 90.00
12-29,19:57 ― INFO ― 属性伤害: 43.80  物理增伤: 58.31
12-29,19:57 ― INFO ― 元素精通: 0.0  元素充能: 45.9
12-29,19:57 ― INFO ― round = {'a': 0, 'e': 3, 'q': 1}
12-29,19:57 ― INFO ― formula = ['a1', 'e1+2*e2', '0.1*q1']
12-29,19:57 ― INFO ― effect = {'a': {}, 'e': {'d': 32}, 'q': {'cr': 12}}
12-29,19:57 ― INFO ― 特殊 {}
12-29,19:57 ― INFO ― 附伤 {}
12-29,19:57 ― INFO ― 技能第一乘区切换 {'e2': 'def'}
12-29,19:57 ― DEBUG ― --------处理 a a1-------
12-29,19:57 ― DEBUG ― buff加载后 area1 = 1579.21,area2 = 1.27
12-29,19:57 ― DEBUG ― --------处理 ('a1', '1')-------
12-29,19:57 ― DEBUG ― area1 = 1579.21,area2 = 1.27,area3 = 1.44,ratio = 0.68,multiple = 1.00,攻击类型:phys,附魔比例 0
12-29,19:57 ― DEBUG ― area1 = 1579.21,area2 = 1.27,area3 = 1.58,ratio = 0.68,multiple = 1.00,攻击类型:phys,不附魔比列 1
12-29,19:57 ― DEBUG ― total damage for a is 元素: 0, 物理: 2143
12-29,19:57 ― DEBUG ― --------处理 e e1+2*e2-------
12-29,19:57 ― DEBUG ― buff加载后 area1 = 1579.21,area2 = 1.27
12-29,19:57 ― DEBUG ― --------处理 ('e1', '1')-------
12-29,19:57 ― DEBUG ― area1 = 1579.21,area2 = 1.27,area3 = 1.76,ratio = 2.22,multiple = 1.00,攻击类型:elem
12-29,19:57 ― DEBUG ― --------处理 ('e2', '2')-------
12-29,19:57 ― INFO ― 切换基础乘区 攻击为防御 area1 = 1386.80
12-29,19:57 ― DEBUG ― area1 = 1386.80,area2 = 1.27,area3 = 1.76,ratio = 2.27,multiple = 2.00,攻击类型:elem
12-29,19:57 ― DEBUG ― total damage for e is 元素: 21880, 物理: 0
12-29,19:57 ― DEBUG ― --------处理 q 0.1*q1-------
12-29,19:57 ― DEBUG ― buff加载后 area1 = 1579.21,area2 = 1.38
12-29,19:57 ― DEBUG ― --------处理 ('q1', '0.1')-------
12-29,19:57 ― DEBUG ― area1 = 1579.21,area2 = 1.38,area3 = 1.44,ratio = 6.24,multiple = 0.10,攻击类型:elem
12-29,19:57 ― DEBUG ― total damage for q is 元素: 1953, 物理: 0
12-29,19:57 ― INFO ― damage = 67594
12-29,19:57 ― INFO ― ###############################################
12-29,19:57 ― INFO ― 理之冠: {'cr': 31.1}
12-29,19:57 ― INFO ― 时之沙: {'ar': 46.65}
12-29,19:57 ― INFO ― 空之杯: {'ar': 46.65}
12-29,19:57 ― INFO ― 副词条: {'cr': 25.0, 'cd': 40.0, 'ar': 20, 'sa': 0, 'ed': 15, 'fd': 0, 'dr': 0, 'em': 0}
12-29,19:57 ― INFO ― 生命面板: [13226.       0.    4780.07]
12-29,19:57 ― INFO ― 防御面板: [876.   0.   0.]
12-29,19:57 ― INFO ― 攻击面板: [761.  113.3 311. ]
12-29,19:57 ― INFO ― 暴击: 61.10  爆伤: 90.00
12-29,19:57 ― INFO ― 属性伤害: 43.80  物理增伤: 0.00
12-29,19:57 ― INFO ― 元素精通: 0.0  元素充能: 45.9
12-29,19:57 ― INFO ― round = {'a': 0, 'e': 3, 'q': 1}
12-29,19:57 ― INFO ― formula = ['a1', 'e1+2*e2', '0.1*q1']
12-29,19:57 ― INFO ― effect = {'a': {}, 'e': {'d': 32}, 'q': {'cr': 12}}
12-29,19:57 ― INFO ― 特殊 {}
12-29,19:57 ― INFO ― 附伤 {}
12-29,19:57 ― INFO ― 技能第一乘区切换 {'e2': 'def'}
12-29,19:57 ― DEBUG ― --------处理 a a1-------
12-29,19:57 ― DEBUG ― buff加载后 area1 = 1934.21,area2 = 1.55
12-29,19:57 ― DEBUG ― --------处理 ('a1', '1')-------
12-29,19:57 ― DEBUG ― area1 = 1934.21,area2 = 1.55,area3 = 1.44,ratio = 0.68,multiple = 1.00,攻击类型:phys,附魔比例 0
12-29,19:57 ― DEBUG ― area1 = 1934.21,area2 = 1.55,area3 = 1.00,ratio = 0.68,multiple = 1.00,攻击类型:phys,不附魔比列 1
12-29,19:57 ― DEBUG ― total damage for a is 元素: 0, 物理: 2023
12-29,19:57 ― DEBUG ― --------处理 e e1+2*e2-------
12-29,19:57 ― DEBUG ― buff加载后 area1 = 1934.21,area2 = 1.55
12-29,19:57 ― DEBUG ― --------处理 ('e1', '1')-------
12-29,19:57 ― DEBUG ― area1 = 1934.21,area2 = 1.55,area3 = 1.76,ratio = 2.22,multiple = 1.00,攻击类型:elem
12-29,19:57 ― DEBUG ― --------处理 ('e2', '2')-------
12-29,19:57 ― INFO ― 切换基础乘区 攻击为防御 area1 = 876.00
12-29,19:57 ― DEBUG ― area1 = 876.00,area2 = 1.55,area3 = 1.76,ratio = 2.27,multiple = 2.00,攻击类型:elem
12-29,19:57 ― DEBUG ― total damage for e is 元素: 22525, 物理: 0
12-29,19:57 ― DEBUG ― --------处理 q 0.1*q1-------
12-29,19:57 ― DEBUG ― buff加载后 area1 = 1934.21,area2 = 1.66
12-29,19:57 ― DEBUG ― --------处理 ('q1', '0.1')-------
12-29,19:57 ― DEBUG ― area1 = 1934.21,area2 = 1.66,area3 = 1.44,ratio = 6.24,multiple = 0.10,攻击类型:elem
12-29,19:57 ― DEBUG ― total damage for q is 元素: 2878, 物理: 0
12-29,19:57 ― INFO ― damage = 70453
12-29,19:57 ― INFO ― ###############################################
12-29,19:57 ― INFO ― 理之冠: {'cr': 31.1}
12-29,19:57 ― INFO ― 时之沙: {'ar': 46.65}
12-29,19:57 ― INFO ― 空之杯: {'ed': 46.65}
12-29,19:57 ― INFO ― 副词条: {'cr': 25.0, 'cd': 40.0, 'ar': 20, 'sa': 0, 'ed': 15, 'fd': 0, 'dr': 0, 'em': 0}
12-29,19:57 ― INFO ― 生命面板: [13226.       0.    4780.07]
12-29,19:57 ― INFO ― 防御面板: [876.   0.   0.]
12-29,19:57 ― INFO ― 攻击面板: [761.    66.65 311.  ]
12-29,19:57 ― INFO ― 暴击: 61.10  爆伤: 90.00
12-29,19:57 ― INFO ― 属性伤害: 90.45  物理增伤: 0.00
12-29,19:57 ― INFO ― 元素精通: 0.0  元素充能: 45.9
12-29,19:57 ― INFO ― round = {'a': 0, 'e': 3, 'q': 1}
12-29,19:57 ― INFO ― formula = ['a1', 'e1+2*e2', '0.1*q1']
12-29,19:57 ― INFO ― effect = {'a': {}, 'e': {'d': 32}, 'q': {'cr': 12}}
12-29,19:57 ― INFO ― 特殊 {}
12-29,19:57 ― INFO ― 附伤 {}
12-29,19:57 ― INFO ― 技能第一乘区切换 {'e2': 'def'}
12-29,19:57 ― DEBUG ― --------处理 a a1-------
12-29,19:57 ― DEBUG ― buff加载后 area1 = 1579.21,area2 = 1.55
12-29,19:57 ― DEBUG ― --------处理 ('a1', '1')-------
12-29,19:57 ― DEBUG ― area1 = 1579.21,area2 = 1.55,area3 = 1.90,ratio = 0.68,multiple = 1.00,攻击类型:phys,附魔比例 0
12-29,19:57 ― DEBUG ― area1 = 1579.21,area2 = 1.55,area3 = 1.00,ratio = 0.68,multiple = 1.00,攻击类型:phys,不附魔比列 1
12-29,19:57 ― DEBUG ― total damage for a is 元素: 0, 物理: 1652
12-29,19:57 ― DEBUG ― --------处理 e e1+2*e2-------
12-29,19:57 ― DEBUG ― buff加载后 area1 = 1579.21,area2 = 1.55
12-29,19:57 ― DEBUG ― --------处理 ('e1', '1')-------
12-29,19:57 ― DEBUG ― area1 = 1579.21,area2 = 1.55,area3 = 2.22,ratio = 2.22,multiple = 1.00,攻击类型:elem
12-29,19:57 ― DEBUG ― --------处理 ('e2', '2')-------
12-29,19:57 ― INFO ― 切换基础乘区 攻击为防御 area1 = 876.00
12-29,19:57 ― DEBUG ― area1 = 876.00,area2 = 1.55,area3 = 2.22,ratio = 2.27,multiple = 2.00,攻击类型:elem
12-29,19:57 ― DEBUG ― total damage for e is 元素: 25788, 物理: 0
12-29,19:57 ― DEBUG ― --------处理 q 0.1*q1-------
12-29,19:57 ― DEBUG ― buff加载后 area1 = 1579.21,area2 = 1.66
12-29,19:57 ― DEBUG ― --------处理 ('q1', '0.1')-------
12-29,19:57 ― DEBUG ― area1 = 1579.21,area2 = 1.66,area3 = 1.90,ratio = 6.24,multiple = 0.10,攻击类型:elem
12-29,19:57 ― DEBUG ― total damage for q is 元素: 3112, 物理: 0
12-29,19:57 ― INFO ― damage = 80479
12-29,19:57 ― INFO ― ###############################################
12-29,19:57 ― INFO ― 理之冠: {'cr': 31.1}
12-29,19:57 ― INFO ― 时之沙: {'ar': 46.65}
12-29,19:57 ― INFO ― 空之杯: {'fd': 58.31}
12-29,19:57 ― INFO ― 副词条: {'cr': 25.0, 'cd': 40.0, 'ar': 20, 'sa': 0, 'ed': 15, 'fd': 0, 'dr': 0, 'em': 0}
12-29,19:57 ― INFO ― 生命面板: [13226.       0.    4780.07]
12-29,19:57 ― INFO ― 防御面板: [876.   0.   0.]
12-29,19:57 ― INFO ― 攻击面板: [761.    66.65 311.  ]
12-29,19:57 ― INFO ― 暴击: 61.10  爆伤: 90.00
12-29,19:57 ― INFO ― 属性伤害: 43.80  物理增伤: 58.31
12-29,19:57 ― INFO ― 元素精通: 0.0  元素充能: 45.9
12-29,19:57 ― INFO ― round = {'a': 0, 'e': 3, 'q': 1}
12-29,19:57 ― INFO ― formula = ['a1', 'e1+2*e2', '0.1*q1']
12-29,19:57 ― INFO ― effect = {'a': {}, 'e': {'d': 32}, 'q': {'cr': 12}}
12-29,19:57 ― INFO ― 特殊 {}
12-29,19:57 ― INFO ― 附伤 {}
12-29,19:57 ― INFO ― 技能第一乘区切换 {'e2': 'def'}
12-29,19:57 ― DEBUG ― --------处理 a a1-------
12-29,19:57 ― DEBUG ― buff加载后 area1 = 1579.21,area2 = 1.55
12-29,19:57 ― DEBUG ― --------处理 ('a1', '1')-------
12-29,19:57 ― DEBUG ― area1 = 1579.21,area2 = 1.55,area3 = 1.44,ratio = 0.68,multiple = 1.00,攻击类型:phys,附魔比例 0
12-29,19:57 ― DEBUG ― area1 = 1579.21,area2 = 1.55,area3 = 1.58,ratio = 0.68,multiple = 1.00,攻击类型:phys,不附魔比列 1
12-29,19:57 ― DEBUG ― total damage for a is 元素: 0, 物理: 2615
12-29,19:57 ― DEBUG ― --------处理 e e1+2*e2-------
12-29,19:57 ― DEBUG ― buff加载后 area1 = 1579.21,area2 = 1.55
12-29,19:57 ― DEBUG ― --------处理 ('e1', '1')-------
12-29,19:57 ― DEBUG ― area1 = 1579.21,area2 = 1.55,area3 = 1.76,ratio = 2.22,multiple = 1.00,攻击类型:elem
12-29,19:57 ― DEBUG ― --------处理 ('e2', '2')-------
12-29,19:57 ― INFO ― 切换基础乘区 攻击为防御 area1 = 876.00
12-29,19:57 ― DEBUG ― area1 = 876.00,area2 = 1.55,area3 = 1.76,ratio = 2.27,multiple = 2.00,攻击类型:elem
12-29,19:57 ― DEBUG ― total damage for e is 元素: 20380, 物理: 0
12-29,19:57 ― DEBUG ― --------处理 q 0.1*q1-------
12-29,19:57 ― DEBUG ― buff加载后 area1 = 1579.21,area2 = 1.66
12-29,19:57 ― DEBUG ― --------处理 ('q1', '0.1')-------
12-29,19:57 ― DEBUG ― area1 = 1579.21,area2 = 1.66,area3 = 1.44,ratio = 6.24,multiple = 0.10,攻击类型:elem
12-29,19:57 ― DEBUG ― total damage for q is 元素: 2350, 物理: 0
12-29,19:57 ― INFO ― damage = 63492
12-29,19:57 ― INFO ― ###############################################
12-29,19:57 ― INFO ― 理之冠: {'cr': 31.1}
12-29,19:57 ― INFO ― 时之沙: {'dr': 58.31}
12-29,19:57 ― INFO ― 空之杯: {'ar': 46.65}
12-29,19:57 ― INFO ― 副词条: {'cr': 25.0, 'cd': 40.0, 'ar': 20, 'sa': 0, 'ed': 15, 'fd': 0, 'dr': 0, 'em': 0}
12-29,19:57 ― INFO ― 生命面板: [13226.       0.    4780.07]
12-29,19:57 ― INFO ― 防御面板: [876.    58.31   0.  ]
12-29,19:57 ― INFO ― 攻击面板: [761.    66.65 311.  ]
12-29,19:57 ― INFO ― 暴击: 61.10  爆伤: 90.00
12-29,19:57 ― INFO ― 属性伤害: 43.80  物理增伤: 0.00
12-29,19:57 ― INFO ― 元素精通: 0.0  元素充能: 45.9
12-29,19:57 ― INFO ― round = {'a': 0, 'e': 3, 'q': 1}
12-29,19:57 ― INFO ― formula = ['a1', 'e1+2*e2', '0.1*q1']
12-29,19:57 ― INFO ― effect = {'a': {}, 'e': {'d': 32}, 'q': {'cr': 12}}
12-29,19:57 ― INFO ― 特殊 {}
12-29,19:57 ― INFO ― 附伤 {}
12-29,19:57 ― INFO ― 技能第一乘区切换 {'e2': 'def'}
12-29,19:57 ― DEBUG ― --------处理 a a1-------
12-29,19:57 ― DEBUG ― buff加载后 area1 = 1579.21,area2 = 1.55
12-29,19:57 ― DEBUG ― --------处理 ('a1', '1')-------
12-29,19:57 ― DEBUG ― area1 = 1579.21,area2 = 1.55,area3 = 1.44,ratio = 0.68,multiple = 1.00,攻击类型:phys,附魔比例 0
12-29,19:57 ― DEBUG ― area1 = 1579.21,area2 = 1.55,area3 = 1.00,ratio = 0.68,multiple = 1.00,攻击类型:phys,不附魔比列 1
12-29,19:57 ― DEBUG ― total damage for a is 元素: 0, 物理: 1652
12-29,19:57 ― DEBUG ― --------处理 e e1+2*e2-------
12-29,19:57 ― DEBUG ― buff加载后 area1 = 1579.21,area2 = 1.55
12-29,19:57 ― DEBUG ― --------处理 ('e1', '1')-------
12-29,19:57 ― DEBUG ― area1 = 1579.21,area2 = 1.55,area3 = 1.76,ratio = 2.22,multiple = 1.00,攻击类型:elem
12-29,19:57 ― DEBUG ― --------处理 ('e2', '2')-------
12-29,19:57 ― INFO ― 切换基础乘区 攻击为防御 area1 = 1386.80
12-29,19:57 ― DEBUG ― area1 = 1386.80,area2 = 1.55,area3 = 1.76,ratio = 2.27,multiple = 2.00,攻击类型:elem
12-29,19:57 ― DEBUG ― total damage for e is 元素: 26702, 物理: 0
12-29,19:57 ― DEBUG ― --------处理 q 0.1*q1-------
12-29,19:57 ― DEBUG ― buff加载后 area1 = 1579.21,area2 = 1.66
12-29,19:57 ― DEBUG ― --------处理 ('q1', '0.1')-------
12-29,19:57 ― DEBUG ― area1 = 1579.21,area2 = 1.66,area3 = 1.44,ratio = 6.24,multiple = 0.10,攻击类型:elem
12-29,19:57 ― DEBUG ― total damage for q is 元素: 2350, 物理: 0
12-29,19:57 ― INFO ― damage = 82458
12-29,19:57 ― INFO ― ###############################################
12-29,19:57 ― INFO ― 理之冠: {'cr': 31.1}
12-29,19:57 ― INFO ― 时之沙: {'dr': 58.31}
12-29,19:57 ― INFO ― 空之杯: {'ed': 46.65}
12-29,19:57 ― INFO ― 副词条: {'cr': 25.0, 'cd': 40.0, 'ar': 20, 'sa': 0, 'ed': 15, 'fd': 0, 'dr': 0, 'em': 0}
12-29,19:57 ― INFO ― 生命面板: [13226.       0.    4780.07]
12-29,19:57 ― INFO ― 防御面板: [876.    58.31   0.  ]
12-29,19:57 ― INFO ― 攻击面板: [761.  20. 311.]
12-29,19:57 ― INFO ― 暴击: 61.10  爆伤: 90.00
12-29,19:57 ― INFO ― 属性伤害: 90.45  物理增伤: 0.00
12-29,19:57 ― INFO ― 元素精通: 0.0  元素充能: 45.9
12-29,19:57 ― INFO ― round = {'a': 0, 'e': 3, 'q': 1}
12-29,19:57 ― INFO ― formula = ['a1', 'e1+2*e2', '0.1*q1']
12-29,19:57 ― INFO ― effect = {'a': {}, 'e': {'d': 32}, 'q': {'cr': 12}}
12-29,19:57 ― INFO ― 特殊 {}
12-29,19:57 ― INFO ― 附伤 {}
12-29,19:57 ― INFO ― 技能第一乘区切换 {'e2': 'def'}
12-29,19:57 ― DEBUG ― --------处理 a a1-------
12-29,19:57 ― DEBUG ― buff加载后 area1 = 1224.20,area2 = 1.55
12-29,19:57 ― DEBUG ― --------处理 ('a1', '1')-------
12-29,19:57 ― DEBUG ― area1 = 1224.20,area2 = 1.55,area3 = 1.90,ratio = 0.68,multiple = 1.00,攻击类型:phys,附魔比例 0
12-29,19:57 ― DEBUG ― area1 = 1224.20,area2 = 1.55,area3 = 1.00,ratio = 0.68,multiple = 1.00,攻击类型:phys,不附魔比列 1
12-29,19:57 ― DEBUG ― total damage for a is 元素: 0, 物理: 1280
12-29,19:57 ― DEBUG ― --------处理 e e1+2*e2-------
12-29,19:57 ― DEBUG ― buff加载后 area1 = 1224.20,area2 = 1.55
12-29,19:57 ― DEBUG ― --------处理 ('e1', '1')-------
12-29,19:57 ― DEBUG ― area1 = 1224.20,area2 = 1.55,area3 = 2.22,ratio = 2.22,multiple = 1.00,攻击类型:elem
12-29,19:57 ― DEBUG ― --------处理 ('e2', '2')-------
12-29,19:57 ― INFO ― 切换基础乘区 攻击为防御 area1 = 1386.80
12-29,19:57 ― DEBUG ― area1 = 1386.80,area2 = 1.55,area3 = 2.22,ratio = 2.27,multiple = 2.00,攻击类型:elem
12-29,19:57 ― DEBUG ― total damage for e is 元素: 31075, 物理: 0
12-29,19:57 ― DEBUG ― --------处理 q 0.1*q1-------
12-29,19:57 ― DEBUG ― buff加载后 area1 = 1224.20,area2 = 1.66
12-29,19:57 ― DEBUG ― --------处理 ('q1', '0.1')-------
12-29,19:57 ― DEBUG ― area1 = 1224.20,area2 = 1.66,area3 = 1.90,ratio = 6.24,multiple = 0.10,攻击类型:elem
12-29,19:57 ― DEBUG ― total damage for q is 元素: 2412, 物理: 0
12-29,19:57 ― INFO ― damage = 95638
12-29,19:57 ― INFO ― ###############################################
12-29,19:57 ― INFO ― 理之冠: {'cr': 31.1}
12-29,19:57 ― INFO ― 时之沙: {'dr': 58.31}
12-29,19:57 ― INFO ― 空之杯: {'fd': 58.31}
12-29,19:57 ― INFO ― 副词条: {'cr': 25.0, 'cd': 40.0, 'ar': 20, 'sa': 0, 'ed': 15, 'fd': 0, 'dr': 0, 'em': 0}
12-29,19:57 ― INFO ― 生命面板: [13226.       0.    4780.07]
12-29,19:57 ― INFO ― 防御面板: [876.    58.31   0.  ]
12-29,19:57 ― INFO ― 攻击面板: [761.  20. 311.]
12-29,19:57 ― INFO ― 暴击: 61.10  爆伤: 90.00
12-29,19:57 ― INFO ― 属性伤害: 43.80  物理增伤: 58.31
12-29,19:57 ― INFO ― 元素精通: 0.0  元素充能: 45.9
12-29,19:57 ― INFO ― round = {'a': 0, 'e': 3, 'q': 1}
12-29,19:57 ― INFO ― formula = ['a1', 'e1+2*e2', '0.1*q1']
12-29,19:57 ― INFO ― effect = {'a': {}, 'e': {'d': 32}, 'q': {'cr': 12}}
12-29,19:57 ― INFO ― 特殊 {}
12-29,19:57 ― INFO ― 附伤 {}
12-29,19:57 ― INFO ― 技能第一乘区切换 {'e2': 'def'}
12-29,19:57 ― DEBUG ― --------处理 a a1-------
12-29,19:57 ― DEBUG ― buff加载后 area1 = 1224.20,area2 = 1.55
12-29,19:57 ― DEBUG ― --------处理 ('a1', '1')-------
12-29,19:57 ― DEBUG ― area1 = 1224.20,area2 = 1.55,area3 = 1.44,ratio = 0.68,multiple = 1.00,攻击类型:phys,附魔比例 0
12-29,19:57 ― DEBUG ― area1 = 1224.20,area2 = 1.55,area3 = 1.58,ratio = 0.68,multiple = 1.00,攻击类型:phys,不附魔比列 1
12-29,19:57 ― DEBUG ― total damage for a is 元素: 0, 物理: 2027
12-29,19:57 ― DEBUG ― --------处理 e e1+2*e2-------
12-29,19:57 ― DEBUG ― buff加载后 area1 = 1224.20,area2 = 1.55
12-29,19:57 ― DEBUG ― --------处理 ('e1', '1')-------
12-29,19:57 ― DEBUG ― area1 = 1224.20,area2 = 1.55,area3 = 1.76,ratio = 2.22,multiple = 1.00,攻击类型:elem
12-29,19:57 ― DEBUG ― --------处理 ('e2', '2')-------
12-29,19:57 ― INFO ― 切换基础乘区 攻击为防御 area1 = 1386.80
12-29,19:57 ― DEBUG ― area1 = 1386.80,area2 = 1.55,area3 = 1.76,ratio = 2.27,multiple = 2.00,攻击类型:elem
12-29,19:57 ― DEBUG ― total damage for e is 元素: 24558, 物理: 0
12-29,19:57 ― DEBUG ― --------处理 q 0.1*q1-------
12-29,19:57 ― DEBUG ― buff加载后 area1 = 1224.20,area2 = 1.66
12-29,19:57 ― DEBUG ― --------处理 ('q1', '0.1')-------
12-29,19:57 ― DEBUG ― area1 = 1224.20,area2 = 1.66,area3 = 1.44,ratio = 6.24,multiple = 0.10,攻击类型:elem
12-29,19:57 ― DEBUG ― total damage for q is 元素: 1821, 物理: 0
12-29,19:57 ― INFO ― damage = 75497
12-29,19:57 ― INFO ― ###############################################
12-29,19:57 ― INFO ― 理之冠: {'cd': 62.2}
12-29,19:57 ― INFO ― 时之沙: {'ar': 46.65}
12-29,19:57 ― INFO ― 空之杯: {'ar': 46.65}
12-29,19:57 ― INFO ― 副词条: {'cr': 25.0, 'cd': 40.0, 'ar': 20, 'sa': 0, 'ed': 15, 'fd': 0, 'dr': 0, 'em': 0}
12-29,19:57 ― INFO ― 生命面板: [13226.       0.    4780.07]
12-29,19:57 ― INFO ― 防御面板: [876.   0.   0.]
12-29,19:57 ― INFO ― 攻击面板: [761.  113.3 311. ]
12-29,19:57 ― INFO ― 暴击: 30.00  爆伤: 152.20
12-29,19:57 ― INFO ― 属性伤害: 43.80  物理增伤: 0.00
12-29,19:57 ― INFO ― 元素精通: 0.0  元素充能: 45.9
12-29,19:57 ― INFO ― round = {'a': 0, 'e': 3, 'q': 1}
12-29,19:57 ― INFO ― formula = ['a1', 'e1+2*e2', '0.1*q1']
12-29,19:57 ― INFO ― effect = {'a': {}, 'e': {'d': 32}, 'q': {'cr': 12}}
12-29,19:57 ― INFO ― 特殊 {}
12-29,19:57 ― INFO ― 附伤 {}
12-29,19:57 ― INFO ― 技能第一乘区切换 {'e2': 'def'}
12-29,19:57 ― DEBUG ― --------处理 a a1-------
12-29,19:57 ― DEBUG ― buff加载后 area1 = 1934.21,area2 = 1.46
12-29,19:57 ― DEBUG ― --------处理 ('a1', '1')-------
12-29,19:57 ― DEBUG ― area1 = 1934.21,area2 = 1.46,area3 = 1.44,ratio = 0.68,multiple = 1.00,攻击类型:phys,附魔比例 0
12-29,19:57 ― DEBUG ― area1 = 1934.21,area2 = 1.46,area3 = 1.00,ratio = 0.68,multiple = 1.00,攻击类型:phys,不附魔比列 1
12-29,19:57 ― DEBUG ― total damage for a is 元素: 0, 物理: 1901
12-29,19:57 ― DEBUG ― --------处理 e e1+2*e2-------
12-29,19:57 ― DEBUG ― buff加载后 area1 = 1934.21,area2 = 1.46
12-29,19:57 ― DEBUG ― --------处理 ('e1', '1')-------
12-29,19:57 ― DEBUG ― area1 = 1934.21,area2 = 1.46,area3 = 1.76,ratio = 2.22,multiple = 1.00,攻击类型:elem
12-29,19:57 ― DEBUG ― --------处理 ('e2', '2')-------
12-29,19:57 ― INFO ― 切换基础乘区 攻击为防御 area1 = 876.00
12-29,19:57 ― DEBUG ― area1 = 876.00,area2 = 1.46,area3 = 1.76,ratio = 2.27,multiple = 2.00,攻击类型:elem
12-29,19:57 ― DEBUG ― total damage for e is 元素: 21169, 物理: 0
12-29,19:57 ― DEBUG ― --------处理 q 0.1*q1-------
12-29,19:57 ― DEBUG ― buff加载后 area1 = 1934.21,area2 = 1.64
12-29,19:57 ― DEBUG ― --------处理 ('q1', '0.1')-------
12-29,19:57 ― DEBUG ― area1 = 1934.21,area2 = 1.64,area3 = 1.44,ratio = 6.24,multiple = 0.10,攻击类型:elem
12-29,19:57 ― DEBUG ― total damage for q is 元素: 2846, 物理: 0
12-29,19:57 ― INFO ― damage = 66353
12-29,19:57 ― INFO ― ###############################################
12-29,19:57 ― INFO ― 理之冠: {'cd': 62.2}
12-29,19:57 ― INFO ― 时之沙: {'ar': 46.65}
12-29,19:57 ― INFO ― 空之杯: {'ed': 46.65}
12-29,19:57 ― INFO ― 副词条: {'cr': 25.0, 'cd': 40.0, 'ar': 20, 'sa': 0, 'ed': 15, 'fd': 0, 'dr': 0, 'em': 0}
12-29,19:57 ― INFO ― 生命面板: [13226.       0.    4780.07]
12-29,19:57 ― INFO ― 防御面板: [876.   0.   0.]
12-29,19:57 ― INFO ― 攻击面板: [761.    66.65 311.  ]
12-29,19:57 ― INFO ― 暴击: 30.00  爆伤: 152.20
12-29,19:57 ― INFO ― 属性伤害: 90.45  物理增伤: 0.00
12-29,19:57 ― INFO ― 元素精通: 0.0  元素充能: 45.9
12-29,19:57 ― INFO ― round = {'a': 0, 'e': 3, 'q': 1}
12-29,19:57 ― INFO ― formula = ['a1', 'e1+2*e2', '0.1*q1']
12-29,19:57 ― INFO ― effect = {'a': {}, 'e': {'d': 32}, 'q': {'cr': 12}}
12-29,19:57 ― INFO ― 特殊 {}
12-29,19:57 ― INFO ― 附伤 {}
12-29,19:57 ― INFO ― 技能第一乘区切换 {'e2': 'def'}
12-29,19:57 ― DEBUG ― --------处理 a a1-------
12-29,19:57 ― DEBUG ― buff加载后 area1 = 1579.21,area2 = 1.46
12-29,19:57 ― DEBUG ― --------处理 ('a1', '1')-------
12-29,19:57 ― DEBUG ― area1 = 1579.21,area2 = 1.46,area3 = 1.90,ratio = 0.68,multiple = 1.00,攻击类型:phys,附魔比例 0
12-29,19:57 ― DEBUG ― area1 = 1579.21,area2 = 1.46,area3 = 1.00,ratio = 0.68,multiple = 1.00,攻击类型:phys,不附魔比列 1
12-29,19:57 ― DEBUG ― total damage for a is 元素: 0, 物理: 1552
12-29,19:57 ― DEBUG ― --------处理 e e1+2*e2-------
12-29,19:57 ― DEBUG ― buff加载后 area1 = 1579.21,area2 = 1.46
12-29,19:57 ― DEBUG ― --------处理 ('e1', '1')-------
12-29,19:57 ― DEBUG ― area1 = 1579.21,area2 = 1.46,area3 = 2.22,ratio = 2.22,multiple = 1.00,攻击类型:elem
12-29,19:57 ― DEBUG ― --------处理 ('e2', '2')-------
12-29,19:57 ― INFO ― 切换基础乘区 攻击为防御 area1 = 876.00
12-29,19:57 ― DEBUG ― area1 = 876.00,area2 = 1.46,area3 = 2.22,ratio = 2.27,multiple = 2.00,攻击类型:elem
12-29,19:57 ― DEBUG ― total damage for e is 元素: 24236, 物理: 0
12-29,19:57 ― DEBUG ― --------处理 q 0.1*q1-------
12-29,19:57 ― DEBUG ― buff加载后 area1 = 1579.21,area2 = 1.64
12-29,19:57 ― DEBUG ― --------处理 ('q1', '0.1')-------
12-29,19:57 ― DEBUG ― area1 = 1579.21,area2 = 1.64,area3 = 1.90,ratio = 6.24,multiple = 0.10,攻击类型:elem
12-29,19:57 ― DEBUG ― total damage for q is 元素: 3077, 物理: 0
12-29,19:57 ― INFO ― damage = 75787
12-29,19:57 ― INFO ― ###############################################
12-29,19:57 ― INFO ― 理之冠: {'cd': 62.2}
12-29,19:57 ― INFO ― 时之沙: {'ar': 46.65}
12-29,19:57 ― INFO ― 空之杯: {'fd': 58.31}
12-29,19:57 ― INFO ― 副词条: {'cr': 25.0, 'cd': 40.0, 'ar': 20, 'sa': 0, 'ed': 15, 'fd': 0, 'dr': 0, 'em': 0}
12-29,19:57 ― INFO ― 生命面板: [13226.       0.    4780.07]
12-29,19:57 ― INFO ― 防御面板: [876.   0.   0.]
12-29,19:57 ― INFO ― 攻击面板: [761.    66.65 311.  ]
12-29,19:57 ― INFO ― 暴击: 30.00  爆伤: 152.20
12-29,19:57 ― INFO ― 属性伤害: 43.80  物理增伤: 58.31
12-29,19:57 ― INFO ― 元素精通: 0.0  元素充能: 45.9
12-29,19:57 ― INFO ― round = {'a': 0, 'e': 3, 'q': 1}
12-29,19:57 ― INFO ― formula = ['a1', 'e1+2*e2', '0.1*q1']
12-29,19:57 ― INFO ― effect = {'a': {}, 'e': {'d': 32}, 'q': {'cr': 12}}
12-29,19:57 ― INFO ― 特殊 {}
12-29,19:57 ― INFO ― 附伤 {}
12-29,19:57 ― INFO ― 技能第一乘区切换 {'e2': 'def'}
12-29,19:57 ― DEBUG ― --------处理 a a1-------
12-29,19:57 ― DEBUG ― buff加载后 area1 = 1579.21,area2 = 1.46
12-29,19:57 ― DEBUG ― --------处理 ('a1', '1')-------
12-29,19:57 ― DEBUG ― area1 = 1579.21,area2 = 1.46,area3 = 1.44,ratio = 0.68,multiple = 1.00,攻击类型:phys,附魔比例 0
12-29,19:57 ― DEBUG ― area1 = 1579.21,area2 = 1.46,area3 = 1.58,ratio = 0.68,multiple = 1.00,攻击类型:phys,不附魔比列 1
12-29,19:57 ― DEBUG ― total damage for a is 元素: 0, 物理: 2458
12-29,19:57 ― DEBUG ― --------处理 e e1+2*e2-------
12-29,19:57 ― DEBUG ― buff加载后 area1 = 1579.21,area2 = 1.46
12-29,19:57 ― DEBUG ― --------处理 ('e1', '1')-------
12-29,19:57 ― DEBUG ― area1 = 1579.21,area2 = 1.46,area3 = 1.76,ratio = 2.22,multiple = 1.00,攻击类型:elem
12-29,19:57 ― DEBUG ― --------处理 ('e2', '2')-------
12-29,19:57 ― INFO ― 切换基础乘区 攻击为防御 area1 = 876.00
12-29,19:57 ― DEBUG ― area1 = 876.00,area2 = 1.46,area3 = 1.76,ratio = 2.27,multiple = 2.00,攻击类型:elem
12-29,19:57 ― DEBUG ― total damage for e is 元素: 19153, 物理: 0
12-29,19:57 ― DEBUG ― --------处理 q 0.1*q1-------
12-29,19:57 ― DEBUG ― buff加载后 area1 = 1579.21,area2 = 1.64
12-29,19:57 ― DEBUG ― --------处理 ('q1', '0.1')-------
12-29,19:57 ― DEBUG ― area1 = 1579.21,area2 = 1.64,area3 = 1.44,ratio = 6.24,multiple = 0.10,攻击类型:elem
12-29,19:57 ― DEBUG ― total damage for q is 元素: 2323, 物理: 0
12-29,19:57 ― INFO ― damage = 59785
12-29,19:57 ― INFO ― ###############################################
12-29,19:57 ― INFO ― 理之冠: {'cd': 62.2}
12-29,19:57 ― INFO ― 时之沙: {'dr': 58.31}
12-29,19:57 ― INFO ― 空之杯: {'ar': 46.65}
12-29,19:57 ― INFO ― 副词条: {'cr': 25.0, 'cd': 40.0, 'ar': 20, 'sa': 0, 'ed': 15, 'fd': 0, 'dr': 0, 'em': 0}
12-29,19:57 ― INFO ― 生命面板: [13226.       0.    4780.07]
12-29,19:57 ― INFO ― 防御面板: [876.    58.31   0.  ]
12-29,19:57 ― INFO ― 攻击面板: [761.    66.65 311.  ]
12-29,19:57 ― INFO ― 暴击: 30.00  爆伤: 152.20
12-29,19:57 ― INFO ― 属性伤害: 43.80  物理增伤: 0.00
12-29,19:57 ― INFO ― 元素精通: 0.0  元素充能: 45.9
12-29,19:57 ― INFO ― round = {'a': 0, 'e': 3, 'q': 1}
12-29,19:57 ― INFO ― formula = ['a1', 'e1+2*e2', '0.1*q1']
12-29,19:57 ― INFO ― effect = {'a': {}, 'e': {'d': 32}, 'q': {'cr': 12}}
12-29,19:57 ― INFO ― 特殊 {}
12-29,19:57 ― INFO ― 附伤 {}
12-29,19:57 ― INFO ― 技能第一乘区切换 {'e2': 'def'}
12-29,19:57 ― DEBUG ― --------处理 a a1-------
12-29,19:57 ― DEBUG ― buff加载后 area1 = 1579.21,area2 = 1.46
12-29,19:57 ― DEBUG ― --------处理 ('a1', '1')-------
12-29,19:57 ― DEBUG ― area1 = 1579.21,area2 = 1.46,area3 = 1.44,ratio = 0.68,multiple = 1.00,攻击类型:phys,附魔比例 0
12-29,19:57 ― DEBUG ― area1 = 1579.21,area2 = 1.46,area3 = 1.00,ratio = 0.68,multiple = 1.00,攻击类型:phys,不附魔比列 1
12-29,19:57 ― DEBUG ― total damage for a is 元素: 0, 物理: 1552
12-29,19:57 ― DEBUG ― --------处理 e e1+2*e2-------
12-29,19:57 ― DEBUG ― buff加载后 area1 = 1579.21,area2 = 1.46
12-29,19:57 ― DEBUG ― --------处理 ('e1', '1')-------
12-29,19:57 ― DEBUG ― area1 = 1579.21,area2 = 1.46,area3 = 1.76,ratio = 2.22,multiple = 1.00,攻击类型:elem
12-29,19:57 ― DEBUG ― --------处理 ('e2', '2')-------
12-29,19:57 ― INFO ― 切换基础乘区 攻击为防御 area1 = 1386.80
12-29,19:57 ― DEBUG ― area1 = 1386.80,area2 = 1.46,area3 = 1.76,ratio = 2.27,multiple = 2.00,攻击类型:elem
12-29,19:57 ― DEBUG ― total damage for e is 元素: 25095, 物理: 0
12-29,19:57 ― DEBUG ― --------处理 q 0.1*q1-------
12-29,19:57 ― DEBUG ― buff加载后 area1 = 1579.21,area2 = 1.64
12-29,19:57 ― DEBUG ― --------处理 ('q1', '0.1')-------
12-29,19:57 ― DEBUG ― area1 = 1579.21,area2 = 1.64,area3 = 1.44,ratio = 6.24,multiple = 0.10,攻击类型:elem
12-29,19:57 ― DEBUG ― total damage for q is 元素: 2323, 物理: 0
12-29,19:57 ― INFO ― damage = 77609
12-29,19:57 ― INFO ― ###############################################
12-29,19:57 ― INFO ― 理之冠: {'cd': 62.2}
12-29,19:57 ― INFO ― 时之沙: {'dr': 58.31}
12-29,19:57 ― INFO ― 空之杯: {'ed': 46.65}
12-29,19:57 ― INFO ― 副词条: {'cr': 25.0, 'cd': 40.0, 'ar': 20, 'sa': 0, 'ed': 15, 'fd': 0, 'dr': 0, 'em': 0}
12-29,19:57 ― INFO ― 生命面板: [13226.       0.    4780.07]
12-29,19:57 ― INFO ― 防御面板: [876.    58.31   0.  ]
12-29,19:57 ― INFO ― 攻击面板: [761.  20. 311.]
12-29,19:57 ― INFO ― 暴击: 30.00  爆伤: 152.20
12-29,19:57 ― INFO ― 属性伤害: 90.45  物理增伤: 0.00
12-29,19:57 ― INFO ― 元素精通: 0.0  元素充能: 45.9
12-29,19:57 ― INFO ― round = {'a': 0, 'e': 3, 'q': 1}
12-29,19:57 ― INFO ― formula = ['a1', 'e1+2*e2', '0.1*q1']
12-29,19:57 ― INFO ― effect = {'a': {}, 'e': {'d': 32}, 'q': {'cr': 12}}
12-29,19:57 ― INFO ― 特殊 {}
12-29,19:57 ― INFO ― 附伤 {}
12-29,19:57 ― INFO ― 技能第一乘区切换 {'e2': 'def'}
12-29,19:57 ― DEBUG ― --------处理 a a1-------
12-29,19:57 ― DEBUG ― buff加载后 area1 = 1224.20,area2 = 1.46
12-29,19:57 ― DEBUG ― --------处理 ('a1', '1')-------
12-29,19:57 ― DEBUG ― area1 = 1224.20,area2 = 1.46,area3 = 1.90,ratio = 0.68,multiple = 1.00,攻击类型:phys,附魔比例 0
12-29,19:57 ― DEBUG ― area1 = 1224.20,area2 = 1.46,area3 = 1.00,ratio = 0.68,multiple = 1.00,攻击类型:phys,不附魔比列 1
12-29,19:57 ― DEBUG ― total damage for a is 元素: 0, 物理: 1203
12-29,19:57 ― DEBUG ― --------处理 e e1+2*e2-------
12-29,19:57 ― DEBUG ― buff加载后 area1 = 1224.20,area2 = 1.46
12-29,19:57 ― DEBUG ― --------处理 ('e1', '1')-------
12-29,19:57 ― DEBUG ― area1 = 1224.20,area2 = 1.46,area3 = 2.22,ratio = 2.22,multiple = 1.00,攻击类型:elem
12-29,19:57 ― DEBUG ― --------处理 ('e2', '2')-------
12-29,19:57 ― INFO ― 切换基础乘区 攻击为防御 area1 = 1386.80
12-29,19:57 ― DEBUG ― area1 = 1386.80,area2 = 1.46,area3 = 2.22,ratio = 2.27,multiple = 2.00,攻击类型:elem
12-29,19:57 ― DEBUG ― total damage for e is 元素: 29204, 物理: 0
12-29,19:57 ― DEBUG ― --------处理 q 0.1*q1-------
12-29,19:57 ― DEBUG ― buff加载后 area1 = 1224.20,area2 = 1.64
12-29,19:57 ― DEBUG ― --------处理 ('q1', '0.1')-------
12-29,19:57 ― DEBUG ― area1 = 1224.20,area2 = 1.64,area3 = 1.90,ratio = 6.24,multiple = 0.10,攻击类型:elem
12-29,19:57 ― DEBUG ― total damage for q is 元素: 2385, 物理: 0
12-29,19:57 ― INFO ― damage = 89999
12-29,19:57 ― INFO ― ###############################################
12-29,19:57 ― INFO ― 理之冠: {'cd': 62.2}
12-29,19:57 ― INFO ― 时之沙: {'dr': 58.31}
12-29,19:57 ― INFO ― 空之杯: {'fd': 58.31}
12-29,19:57 ― INFO ― 副词条: {'cr': 25.0, 'cd': 40.0, 'ar': 20, 'sa': 0, 'ed': 15, 'fd': 0, 'dr': 0, 'em': 0}
12-29,19:57 ― INFO ― 生命面板: [13226.       0.    4780.07]
12-29,19:57 ― INFO ― 防御面板: [876.    58.31   0.  ]
12-29,19:57 ― INFO ― 攻击面板: [761.  20. 311.]
12-29,19:57 ― INFO ― 暴击: 30.00  爆伤: 152.20
12-29,19:57 ― INFO ― 属性伤害: 43.80  物理增伤: 58.31
12-29,19:57 ― INFO ― 元素精通: 0.0  元素充能: 45.9
12-29,19:57 ― INFO ― round = {'a': 0, 'e': 3, 'q': 1}
12-29,19:57 ― INFO ― formula = ['a1', 'e1+2*e2', '0.1*q1']
12-29,19:57 ― INFO ― effect = {'a': {}, 'e': {'d': 32}, 'q': {'cr': 12}}
12-29,19:57 ― INFO ― 特殊 {}
12-29,19:57 ― INFO ― 附伤 {}
12-29,19:57 ― INFO ― 技能第一乘区切换 {'e2': 'def'}
12-29,19:57 ― DEBUG ― --------处理 a a1-------
12-29,19:57 ― DEBUG ― buff加载后 area1 = 1224.20,area2 = 1.46
12-29,19:57 ― DEBUG ― --------处理 ('a1', '1')-------
12-29,19:57 ― DEBUG ― area1 = 1224.20,area2 = 1.46,area3 = 1.44,ratio = 0.68,multiple = 1.00,攻击类型:phys,附魔比例 0
12-29,19:57 ― DEBUG ― area1 = 1224.20,area2 = 1.46,area3 = 1.58,ratio = 0.68,multiple = 1.00,攻击类型:phys,不附魔比列 1
12-29,19:57 ― DEBUG ― total damage for a is 元素: 0, 物理: 1905
12-29,19:57 ― DEBUG ― --------处理 e e1+2*e2-------
12-29,19:57 ― DEBUG ― buff加载后 area1 = 1224.20,area2 = 1.46
12-29,19:57 ― DEBUG ― --------处理 ('e1', '1')-------
12-29,19:57 ― DEBUG ― area1 = 1224.20,area2 = 1.46,area3 = 1.76,ratio = 2.22,multiple = 1.00,攻击类型:elem
12-29,19:57 ― DEBUG ― --------处理 ('e2', '2')-------
12-29,19:57 ― INFO ― 切换基础乘区 攻击为防御 area1 = 1386.80
12-29,19:57 ― DEBUG ― area1 = 1386.80,area2 = 1.46,area3 = 1.76,ratio = 2.27,multiple = 2.00,攻击类型:elem
12-29,19:57 ― DEBUG ― total damage for e is 元素: 23080, 物理: 0
12-29,19:57 ― DEBUG ― --------处理 q 0.1*q1-------
12-29,19:57 ― DEBUG ― buff加载后 area1 = 1224.20,area2 = 1.64
12-29,19:57 ― DEBUG ― --------处理 ('q1', '0.1')-------
12-29,19:57 ― DEBUG ― area1 = 1224.20,area2 = 1.64,area3 = 1.44,ratio = 6.24,multiple = 0.10,攻击类型:elem
12-29,19:57 ― DEBUG ― total damage for q is 元素: 1801, 物理: 0
12-29,19:57 ― INFO ― damage = 71041
12-29,19:57 ― INFO ― ###############################################
12-29,19:57 ― INFO ― 理之冠: {'dr': 58.31}
12-29,19:57 ― INFO ― 时之沙: {'ar': 46.65}
12-29,19:57 ― INFO ― 空之杯: {'ar': 46.65}
12-29,19:57 ― INFO ― 副词条: {'cr': 25.0, 'cd': 40.0, 'ar': 20, 'sa': 0, 'ed': 15, 'fd': 0, 'dr': 0, 'em': 0}
12-29,19:57 ― INFO ― 生命面板: [13226.       0.    4780.07]
12-29,19:57 ― INFO ― 防御面板: [876.    58.31   0.  ]
12-29,19:57 ― INFO ― 攻击面板: [761.  113.3 311. ]
12-29,19:57 ― INFO ― 暴击: 30.00  爆伤: 90.00
12-29,19:57 ― INFO ― 属性伤害: 43.80  物理增伤: 0.00
12-29,19:57 ― INFO ― 元素精通: 0.0  元素充能: 45.9
12-29,19:57 ― INFO ― round = {'a': 0, 'e': 3, 'q': 1}
12-29,19:57 ― INFO ― formula = ['a1', 'e1+2*e2', '0.1*q1']
12-29,19:57 ― INFO ― effect = {'a': {}, 'e': {'d': 32}, 'q': {'cr': 12}}
12-29,19:57 ― INFO ― 特殊 {}
12-29,19:57 ― INFO ― 附伤 {}
12-29,19:57 ― INFO ― 技能第一乘区切换 {'e2': 'def'}
12-29,19:57 ― DEBUG ― --------处理 a a1-------
12-29,19:57 ― DEBUG ― buff加载后 area1 = 1934.21,area2 = 1.27
12-29,19:57 ― DEBUG ― --------处理 ('a1', '1')-------
12-29,19:57 ― DEBUG ― area1 = 1934.21,area2 = 1.27,area3 = 1.44,ratio = 0.68,multiple = 1.00,攻击类型:phys,附魔比例 0
12-29,19:57 ― DEBUG ― area1 = 1934.21,area2 = 1.27,area3 = 1.00,ratio = 0.68,multiple = 1.00,攻击类型:phys,不附魔比列 1
12-29,19:57 ― DEBUG ― total damage for a is 元素: 0, 物理: 1658
12-29,19:57 ― DEBUG ― --------处理 e e1+2*e2-------
12-29,19:57 ― DEBUG ― buff加载后 area1 = 1934.21,area2 = 1.27
12-29,19:57 ― DEBUG ― --------处理 ('e1', '1')-------
12-29,19:57 ― DEBUG ― area1 = 1934.21,area2 = 1.27,area3 = 1.76,ratio = 2.22,multiple = 1.00,攻击类型:elem
12-29,19:57 ― DEBUG ― --------处理 ('e2', '2')-------
12-29,19:57 ― INFO ― 切换基础乘区 攻击为防御 area1 = 1386.80
12-29,19:57 ― DEBUG ― area1 = 1386.80,area2 = 1.27,area3 = 1.76,ratio = 2.27,multiple = 2.00,攻击类型:elem
12-29,19:57 ― DEBUG ― total damage for e is 元素: 23637, 物理: 0
12-29,19:57 ― DEBUG ― --------处理 q 0.1*q1-------
12-29,19:57 ― DEBUG ― buff加载后 area1 = 1934.21,area2 = 1.38
12-29,19:57 ― DEBUG ― --------处理 ('q1', '0.1')-------
12-29,19:57 ― DEBUG ― area1 = 1934.21,area2 = 1.38,area3 = 1.44,ratio = 6.24,multiple = 0.10,攻击类型:elem
12-29,19:57 ― DEBUG ― total damage for q is 元素: 2392, 物理: 0
12-29,19:57 ― INFO ― damage = 73305
12-29,19:57 ― INFO ― ###############################################
12-29,19:57 ― INFO ― 理之冠: {'dr': 58.31}
12-29,19:57 ― INFO ― 时之沙: {'ar': 46.65}
12-29,19:57 ― INFO ― 空之杯: {'ed': 46.65}
12-29,19:57 ― INFO ― 副词条: {'cr': 25.0, 'cd': 40.0, 'ar': 20, 'sa': 0, 'ed': 15, 'fd': 0, 'dr': 0, 'em': 0}
12-29,19:57 ― INFO ― 生命面板: [13226.       0.    4780.07]
12-29,19:57 ― INFO ― 防御面板: [876.    58.31   0.  ]
12-29,19:57 ― INFO ― 攻击面板: [761.    66.65 311.  ]
12-29,19:57 ― INFO ― 暴击: 30.00  爆伤: 90.00
12-29,19:57 ― INFO ― 属性伤害: 90.45  物理增伤: 0.00
12-29,19:57 ― INFO ― 元素精通: 0.0  元素充能: 45.9
12-29,19:57 ― INFO ― round = {'a': 0, 'e': 3, 'q': 1}
12-29,19:57 ― INFO ― formula = ['a1', 'e1+2*e2', '0.1*q1']
12-29,19:57 ― INFO ― effect = {'a': {}, 'e': {'d': 32}, 'q': {'cr': 12}}
12-29,19:57 ― INFO ― 特殊 {}
12-29,19:57 ― INFO ― 附伤 {}
12-29,19:57 ― INFO ― 技能第一乘区切换 {'e2': 'def'}
12-29,19:57 ― DEBUG ― --------处理 a a1-------
12-29,19:57 ― DEBUG ― buff加载后 area1 = 1579.21,area2 = 1.27
12-29,19:57 ― DEBUG ― --------处理 ('a1', '1')-------
12-29,19:57 ― DEBUG ― area1 = 1579.21,area2 = 1.27,area3 = 1.90,ratio = 0.68,multiple = 1.00,攻击类型:phys,附魔比例 0
12-29,19:57 ― DEBUG ― area1 = 1579.21,area2 = 1.27,area3 = 1.00,ratio = 0.68,multiple = 1.00,攻击类型:phys,不附魔比列 1
12-29,19:57 ― DEBUG ― total damage for a is 元素: 0, 物理: 1353
12-29,19:57 ― DEBUG ― --------处理 e e1+2*e2-------
12-29,19:57 ― DEBUG ― buff加载后 area1 = 1579.21,area2 = 1.27
12-29,19:57 ― DEBUG ― --------处理 ('e1', '1')-------
12-29,19:57 ― DEBUG ― area1 = 1579.21,area2 = 1.27,area3 = 2.22,ratio = 2.22,multiple = 1.00,攻击类型:elem
12-29,19:57 ― DEBUG ― --------处理 ('e2', '2')-------
12-29,19:57 ― INFO ― 切换基础乘区 攻击为防御 area1 = 1386.80
12-29,19:57 ― DEBUG ― area1 = 1386.80,area2 = 1.27,area3 = 2.22,ratio = 2.27,multiple = 2.00,攻击类型:elem
12-29,19:57 ― DEBUG ― total damage for e is 元素: 27686, 物理: 0
12-29,19:57 ― DEBUG ― --------处理 q 0.1*q1-------
12-29,19:57 ― DEBUG ― buff加载后 area1 = 1579.21,area2 = 1.38
12-29,19:57 ― DEBUG ― --------处理 ('q1', '0.1')-------
12-29,19:57 ― DEBUG ― area1 = 1579.21,area2 = 1.38,area3 = 1.90,ratio = 6.24,multiple = 0.10,攻击类型:elem
12-29,19:57 ― DEBUG ― total damage for q is 元素: 2587, 物理: 0
12-29,19:57 ― INFO ― damage = 85646
12-29,19:57 ― INFO ― ###############################################
12-29,19:57 ― INFO ― 理之冠: {'dr': 58.31}
12-29,19:57 ― INFO ― 时之沙: {'ar': 46.65}
12-29,19:57 ― INFO ― 空之杯: {'fd': 58.31}
12-29,19:57 ― INFO ― 副词条: {'cr': 25.0, 'cd': 40.0, 'ar': 20, 'sa': 0, 'ed': 15, 'fd': 0, 'dr': 0, 'em': 0}
12-29,19:57 ― INFO ― 生命面板: [13226.       0.    4780.07]
12-29,19:57 ― INFO ― 防御面板: [876.    58.31   0.  ]
12-29,19:57 ― INFO ― 攻击面板: [761.    66.65 311.  ]
12-29,19:57 ― INFO ― 暴击: 30.00  爆伤: 90.00
12-29,19:57 ― INFO ― 属性伤害: 43.80  物理增伤: 58.31
12-29,19:57 ― INFO ― 元素精通: 0.0  元素充能: 45.9
12-29,19:57 ― INFO ― round = {'a': 0, 'e': 3, 'q': 1}
12-29,19:57 ― INFO ― formula = ['a1', 'e1+2*e2', '0.1*q1']
12-29,19:57 ― INFO ― effect = {'a': {}, 'e': {'d': 32}, 'q': {'cr': 12}}
12-29,19:57 ― INFO ― 特殊 {}
12-29,19:57 ― INFO ― 附伤 {}
12-29,19:57 ― INFO ― 技能第一乘区切换 {'e2': 'def'}
12-29,19:57 ― DEBUG ― --------处理 a a1-------
12-29,19:57 ― DEBUG ― buff加载后 area1 = 1579.21,area2 = 1.27
12-29,19:57 ― DEBUG ― --------处理 ('a1', '1')-------
12-29,19:57 ― DEBUG ― area1 = 1579.21,area2 = 1.27,area3 = 1.44,ratio = 0.68,multiple = 1.00,攻击类型:phys,附魔比例 0
12-29,19:57 ― DEBUG ― area1 = 1579.21,area2 = 1.27,area3 = 1.58,ratio = 0.68,multiple = 1.00,攻击类型:phys,不附魔比列 1
12-29,19:57 ― DEBUG ― total damage for a is 元素: 0, 物理: 2143
12-29,19:57 ― DEBUG ― --------处理 e e1+2*e2-------
12-29,19:57 ― DEBUG ― buff加载后 area1 = 1579.21,area2 = 1.27
12-29,19:57 ― DEBUG ― --------处理 ('e1', '1')-------
12-29,19:57 ― DEBUG ― area1 = 1579.21,area2 = 1.27,area3 = 1.76,ratio = 2.22,multiple = 1.00,攻击类型:elem
12-29,19:57 ― DEBUG ― --------处理 ('e2', '2')-------
12-29,19:57 ― INFO ― 切换基础乘区 攻击为防御 area1 = 1386.80
12-29,19:57 ― DEBUG ― area1 = 1386.80,area2 = 1.27,area3 = 1.76,ratio = 2.27,multiple = 2.00,攻击类型:elem
12-29,19:57 ― DEBUG ― total damage for e is 元素: 21880, 物理: 0
12-29,19:57 ― DEBUG ― --------处理 q 0.1*q1-------
12-29,19:57 ― DEBUG ― buff加载后 area1 = 1579.21,area2 = 1.38
12-29,19:57 ― DEBUG ― --------处理 ('q1', '0.1')-------
12-29,19:57 ― DEBUG ― area1 = 1579.21,area2 = 1.38,area3 = 1.44,ratio = 6.24,multiple = 0.10,攻击类型:elem
12-29,19:57 ― DEBUG ― total damage for q is 元素: 1953, 物理: 0
12-29,19:57 ― INFO ― damage = 67594
12-29,19:57 ― INFO ― ###############################################
12-29,19:57 ― INFO ― 理之冠: {'dr': 58.31}
12-29,19:57 ― INFO ― 时之沙: {'dr': 58.31}
12-29,19:57 ― INFO ― 空之杯: {'ar': 46.65}
12-29,19:57 ― INFO ― 副词条: {'cr': 25.0, 'cd': 40.0, 'ar': 20, 'sa': 0, 'ed': 15, 'fd': 0, 'dr': 0, 'em': 0}
12-29,19:57 ― INFO ― 生命面板: [13226.       0.    4780.07]
12-29,19:57 ― INFO ― 防御面板: [876.   116.62   0.  ]
12-29,19:57 ― INFO ― 攻击面板: [761.    66.65 311.  ]
12-29,19:57 ― INFO ― 暴击: 30.00  爆伤: 90.00
12-29,19:57 ― INFO ― 属性伤害: 43.80  物理增伤: 0.00
12-29,19:57 ― INFO ― 元素精通: 0.0  元素充能: 45.9
12-29,19:57 ― INFO ― round = {'a': 0, 'e': 3, 'q': 1}
12-29,19:57 ― INFO ― formula = ['a1', 'e1+2*e2', '0.1*q1']
12-29,19:57 ― INFO ― effect = {'a': {}, 'e': {'d': 32}, 'q': {'cr': 12}}
12-29,19:57 ― INFO ― 特殊 {}
12-29,19:57 ― INFO ― 附伤 {}
12-29,19:57 ― INFO ― 技能第一乘区切换 {'e2': 'def'}
12-29,19:57 ― DEBUG ― --------处理 a a1-------
12-29,19:57 ― DEBUG ― buff加载后 area1 = 1579.21,area2 = 1.27
12-29,19:57 ― DEBUG ― --------处理 ('a1', '1')-------
12-29,19:57 ― DEBUG ― area1 = 1579.21,area2 = 1.27,area3 = 1.44,ratio = 0.68,multiple = 1.00,攻击类型:phys,附魔比例 0
12-29,19:57 ― DEBUG ― area1 = 1579.21,area2 = 1.27,area3 = 1.00,ratio = 0.68,multiple = 1.00,攻击类型:phys,不附魔比列 1
12-29,19:57 ― DEBUG ― total damage for a is 元素: 0, 物理: 1353
12-29,19:57 ― DEBUG ― --------处理 e e1+2*e2-------
12-29,19:57 ― DEBUG ― buff加载后 area1 = 1579.21,area2 = 1.27
12-29,19:57 ― DEBUG ― --------处理 ('e1', '1')-------
12-29,19:57 ― DEBUG ― area1 = 1579.21,area2 = 1.27,area3 = 1.76,ratio = 2.22,multiple = 1.00,攻击类型:elem
12-29,19:57 ― DEBUG ― --------处理 ('e2', '2')-------
12-29,19:57 ― INFO ― 切换基础乘区 攻击为防御 area1 = 1897.59
12-29,19:57 ― DEBUG ― area1 = 1897.59,area2 = 1.27,area3 = 1.76,ratio = 2.27,multiple = 2.00,攻击类型:elem
12-29,19:57 ― DEBUG ― total damage for e is 元素: 27060, 物理: 0
12-29,19:57 ― DEBUG ― --------处理 q 0.1*q1-------
12-29,19:57 ― DEBUG ― buff加载后 area1 = 1579.21,area2 = 1.38
12-29,19:57 ― DEBUG ― --------处理 ('q1', '0.1')-------
12-29,19:57 ― DEBUG ― area1 = 1579.21,area2 = 1.38,area3 = 1.44,ratio = 6.24,multiple = 0.10,攻击类型:elem
12-29,19:57 ― DEBUG ― total damage for q is 元素: 1953, 物理: 0
12-29,19:57 ― INFO ― damage = 83135
12-29,19:57 ― INFO ― ###############################################
12-29,19:57 ― INFO ― 理之冠: {'dr': 58.31}
12-29,19:57 ― INFO ― 时之沙: {'dr': 58.31}
12-29,19:57 ― INFO ― 空之杯: {'ed': 46.65}
12-29,19:57 ― INFO ― 副词条: {'cr': 25.0, 'cd': 40.0, 'ar': 20, 'sa': 0, 'ed': 15, 'fd': 0, 'dr': 0, 'em': 0}
12-29,19:57 ― INFO ― 生命面板: [13226.       0.    4780.07]
12-29,19:57 ― INFO ― 防御面板: [876.   116.62   0.  ]
12-29,19:57 ― INFO ― 攻击面板: [761.  20. 311.]
12-29,19:57 ― INFO ― 暴击: 30.00  爆伤: 90.00
12-29,19:57 ― INFO ― 属性伤害: 90.45  物理增伤: 0.00
12-29,19:57 ― INFO ― 元素精通: 0.0  元素充能: 45.9
12-29,19:57 ― INFO ― round = {'a': 0, 'e': 3, 'q': 1}
12-29,19:57 ― INFO ― formula = ['a1', 'e1+2*e2', '0.1*q1']
12-29,19:57 ― INFO ― effect = {'a': {}, 'e': {'d': 32}, 'q': {'cr': 12}}
12-29,19:57 ― INFO ― 特殊 {}
12-29,19:57 ― INFO ― 附伤 {}
12-29,19:57 ― INFO ― 技能第一乘区切换 {'e2': 'def'}
12-29,19:57 ― DEBUG ― --------处理 a a1-------
12-29,19:57 ― DEBUG ― buff加载后 area1 = 1224.20,area2 = 1.27
12-29,19:57 ― DEBUG ― --------处理 ('a1', '1')-------
12-29,19:57 ― DEBUG ― area1 = 1224.20,area2 = 1.27,area3 = 1.90,ratio = 0.68,multiple = 1.00,攻击类型:phys,附魔比例 0
12-29,19:57 ― DEBUG ― area1 = 1224.20,area2 = 1.27,area3 = 1.00,ratio = 0.68,multiple = 1.00,攻击类型:phys,不附魔比列 1
12-29,19:57 ― DEBUG ― total damage for a is 元素: 0, 物理: 1049
12-29,19:57 ― DEBUG ― --------处理 e e1+2*e2-------
12-29,19:57 ― DEBUG ― buff加载后 area1 = 1224.20,area2 = 1.27
12-29,19:57 ― DEBUG ― --------处理 ('e1', '1')-------
12-29,19:57 ― DEBUG ― area1 = 1224.20,area2 = 1.27,area3 = 2.22,ratio = 2.22,multiple = 1.00,攻击类型:elem
12-29,19:57 ― DEBUG ― --------处理 ('e2', '2')-------
12-29,19:57 ― INFO ― 切换基础乘区 攻击为防御 area1 = 1897.59
12-29,19:57 ― DEBUG ― area1 = 1897.59,area2 = 1.27,area3 = 2.22,ratio = 2.27,multiple = 2.00,攻击类型:elem
12-29,19:57 ― DEBUG ― total damage for e is 元素: 32018, 物理: 0
12-29,19:57 ― DEBUG ― --------处理 q 0.1*q1-------
12-29,19:57 ― DEBUG ― buff加载后 area1 = 1224.20,area2 = 1.38
12-29,19:57 ― DEBUG ― --------处理 ('q1', '0.1')-------
12-29,19:57 ― DEBUG ― area1 = 1224.20,area2 = 1.38,area3 = 1.90,ratio = 6.24,multiple = 0.10,攻击类型:elem
12-29,19:57 ― DEBUG ― total damage for q is 元素: 2005, 物理: 0
12-29,19:57 ― INFO ― damage = 98060
12-29,19:57 ― INFO ― ###############################################
12-29,19:57 ― INFO ― 理之冠: {'dr': 58.31}
12-29,19:57 ― INFO ― 时之沙: {'dr': 58.31}
12-29,19:57 ― INFO ― 空之杯: {'fd': 58.31}
12-29,19:57 ― INFO ― 副词条: {'cr': 25.0, 'cd': 40.0, 'ar': 20, 'sa': 0, 'ed': 15, 'fd': 0, 'dr': 0, 'em': 0}
12-29,19:57 ― INFO ― 生命面板: [13226.       0.    4780.07]
12-29,19:57 ― INFO ― 防御面板: [876.   116.62   0.  ]
12-29,19:57 ― INFO ― 攻击面板: [761.  20. 311.]
12-29,19:57 ― INFO ― 暴击: 30.00  爆伤: 90.00
12-29,19:57 ― INFO ― 属性伤害: 43.80  物理增伤: 58.31
12-29,19:57 ― INFO ― 元素精通: 0.0  元素充能: 45.9
12-29,19:57 ― INFO ― round = {'a': 0, 'e': 3, 'q': 1}
12-29,19:57 ― INFO ― formula = ['a1', 'e1+2*e2', '0.1*q1']
12-29,19:57 ― INFO ― effect = {'a': {}, 'e': {'d': 32}, 'q': {'cr': 12}}
12-29,19:57 ― INFO ― 特殊 {}
12-29,19:57 ― INFO ― 附伤 {}
12-29,19:57 ― INFO ― 技能第一乘区切换 {'e2': 'def'}
12-29,19:57 ― DEBUG ― --------处理 a a1-------
12-29,19:57 ― DEBUG ― buff加载后 area1 = 1224.20,area2 = 1.27
12-29,19:57 ― DEBUG ― --------处理 ('a1', '1')-------
12-29,19:57 ― DEBUG ― area1 = 1224.20,area2 = 1.27,area3 = 1.44,ratio = 0.68,multiple = 1.00,攻击类型:phys,附魔比例 0
12-29,19:57 ― DEBUG ― area1 = 1224.20,area2 = 1.27,area3 = 1.58,ratio = 0.68,multiple = 1.00,攻击类型:phys,不附魔比列 1
12-29,19:57 ― DEBUG ― total damage for a is 元素: 0, 物理: 1661
12-29,19:57 ― DEBUG ― --------处理 e e1+2*e2-------
12-29,19:57 ― DEBUG ― buff加载后 area1 = 1224.20,area2 = 1.27
12-29,19:57 ― DEBUG ― --------处理 ('e1', '1')-------
12-29,19:57 ― DEBUG ― area1 = 1224.20,area2 = 1.27,area3 = 1.76,ratio = 2.22,multiple = 1.00,攻击类型:elem
12-29,19:57 ― DEBUG ― --------处理 ('e2', '2')-------
12-29,19:57 ― INFO ― 切换基础乘区 攻击为防御 area1 = 1897.59
12-29,19:57 ― DEBUG ― area1 = 1897.59,area2 = 1.27,area3 = 1.76,ratio = 2.27,multiple = 2.00,攻击类型:elem
12-29,19:57 ― DEBUG ― total damage for e is 元素: 25303, 物理: 0
12-29,19:57 ― DEBUG ― --------处理 q 0.1*q1-------
12-29,19:57 ― DEBUG ― buff加载后 area1 = 1224.20,area2 = 1.38
12-29,19:57 ― DEBUG ― --------处理 ('q1', '0.1')-------
12-29,19:57 ― DEBUG ― area1 = 1224.20,area2 = 1.38,area3 = 1.44,ratio = 6.24,multiple = 0.10,攻击类型:elem
12-29,19:57 ― DEBUG ― total damage for q is 元素: 1514, 物理: 0
12-29,19:57 ― INFO ― damage = 77425
12-29,19:57 ― INFO ― ###############################################
